0 info it worked if it ends with ok
1 verbose cli [ 'c:\\Program Files\\nodejs\\node.exe',
1 verbose cli   'c:\\Program Files\\nodejs\\node_modules\\npm\\bin\\npm-cli.js',
1 verbose cli   'run',
1 verbose cli   'watch' ]
2 info using npm@4.1.2
3 info using node@v7.6.0
4 verbose run-script [ 'prewatch', 'watch', 'postwatch' ]
5 info lifecycle vscode-oscillare@0.0.1~prewatch: vscode-oscillare@0.0.1
6 silly lifecycle vscode-oscillare@0.0.1~prewatch: no script for prewatch, continuing
7 info lifecycle vscode-oscillare@0.0.1~watch: vscode-oscillare@0.0.1
8 verbose lifecycle vscode-oscillare@0.0.1~watch: unsafe-perm in lifecycle true
9 verbose lifecycle vscode-oscillare@0.0.1~watch: PATH: c:\Program Files\nodejs\node_modules\npm\bin\node-gyp-bin;C:\Users\ulyssesp\Development\vscode-oscillare\node_modules\.bin;C:\Program Files\NVIDIA GPU Computing Toolkit\CUDA\v8.0\bin;C:\Program Files\NVIDIA GPU Computing Toolkit\CUDA\v8.0\libnvvp;c:\python36\scripts\;c:\python36\;c:\program files (x86)\common files\intel\shared libraries\redist\intel64\compiler;c:\program files\oculus\support\oculus-runtime;c:\windows\system32;c:\windows;c:\windows\system32\wbem;c:\windows\system32\windowspowershell\v1.0\;c:\program files (x86)\putty\;c:\program files (x86)\quicktime\qtsystem\;c:\program files\nodejs\;c:\programdata\chocolatey\bin;c:\windows\system32\config\systemprofile\appdata\roaming\local\bin;c:\program files (x86)\gtksharp\2.12\bin;c:\program files\geth;c:\git\cmd;C:\Program Files (x86)\NVIDIA Corporation\PhysX\Common;C:\WINDOWS\system32;C:\WINDOWS;C:\WINDOWS\System32\Wbem;C:\WINDOWS\System32\WindowsPowerShell\v1.0\;C:\Program Files\Intel\WiFi\bin\;C:\Program Files\Common Files\Intel\WirelessCommon\;C:\Program Files (x86)\Calibre2\;C:\WINDOWS\system32\config\systemprofile\.dnx\bin;C:\Program Files\Microsoft DNX\Dnvm\;C:\Program Files\Microsoft SQL Server\130\Tools\Binn\;C:\Program Files (x86)\Yarn\bin;C:\Program Files\PuTTY\;C:\Git\cmd;C:\Ruby25-x64\bin;C:\Program Files (x86)\Elm Platform\0.18\bin;C:\Users\ulyssesp\AppData\Roaming\local\bin;C:\Users\ulyssesp\AppData\Local\Microsoft\WindowsApps;C:\Users\ulyssesp\AppData\Local\GitHubCLI\bin;C:\Users\ulyssesp\AppData\Local\Android\sdk\platform-tools;C:\Users\ulyssesp\Development\gradle-3.5\bin;C:\Users\ulyssesp\AppData\Roaming\npm;C:\Users\ulyssesp\Development\solidity-windows;C:\Program Files\Java\jdk1.8.0_131\bin;C:\Users\ulyssesp\Development\bin;C:\Users\ulyssesp\AppData\Local\Microsoft\WindowsApps;C:\Git\bin;C:\Program Files\7-Zip;C:\Program Files\Intel\WiFi\bin\;C:\Program Files\Common Files\Intel\WirelessCommon\;C:\Users\ulyssesp\.lein\bin;C:\Users\ulyssesp\AppData\Local\atom\bin;C:\Users\ulyssesp\Downloads\swigwin-3.0.12;C:\Program Files (x86)\Windows Kits\8.1\bin\x64;C:\Users\ulyssesp\AppData\Local\Yarn\bin;C:\Program Files\Microsoft VS Code\bin
10 verbose lifecycle vscode-oscillare@0.0.1~watch: CWD: C:\Users\ulyssesp\Development\vscode-oscillare
11 silly lifecycle vscode-oscillare@0.0.1~watch: Args: [ '/d /s /c', 'tsc -watch -p ./' ]
12 silly lifecycle vscode-oscillare@0.0.1~watch: Returned: code: 3221225786  signal: null
13 info lifecycle vscode-oscillare@0.0.1~watch: Failed to exec watch script
14 verbose stack Error: vscode-oscillare@0.0.1 watch: `tsc -watch -p ./`
14 verbose stack Exit status 3221225786
14 verbose stack     at EventEmitter.<anonymous> (c:\Program Files\nodejs\node_modules\npm\lib\utils\lifecycle.js:279:16)
14 verbose stack     at emitTwo (events.js:106:13)
14 verbose stack     at EventEmitter.emit (events.js:192:7)
14 verbose stack     at ChildProcess.<anonymous> (c:\Program Files\nodejs\node_modules\npm\lib\utils\spawn.js:40:14)
14 verbose stack     at emitTwo (events.js:106:13)
14 verbose stack     at ChildProcess.emit (events.js:192:7)
14 verbose stack     at maybeClose (internal/child_process.js:890:16)
14 verbose stack     at Process.ChildProcess._handle.onexit (internal/child_process.js:226:5)
15 verbose pkgid vscode-oscillare@0.0.1
16 verbose cwd C:\Users\ulyssesp\Development\vscode-oscillare
17 error Windows_NT 10.0.17025
18 error argv "c:\\Program Files\\nodejs\\node.exe" "c:\\Program Files\\nodejs\\node_modules\\npm\\bin\\npm-cli.js" "run" "watch"
19 error node v7.6.0
20 error npm  v4.1.2
21 error code ELIFECYCLE
22 error vscode-oscillare@0.0.1 watch: `tsc -watch -p ./`
22 error Exit status 3221225786
23 error Failed at the vscode-oscillare@0.0.1 watch script 'tsc -watch -p ./'.
23 error Make sure you have the latest version of node.js and npm installed.
23 error If you do, this is most likely a problem with the vscode-oscillare package,
23 error not with npm itself.
23 error Tell the author that this fails on your system:
23 error     tsc -watch -p ./
23 error You can get information on how to open an issue for this project with:
23 error     npm bugs vscode-oscillare
23 error Or if that isn't available, you can get their info via:
23 error     npm owner ls vscode-oscillare
23 error There is likely additional logging output above.
24 verbose exit [ 1, true ]
